<?xml version="1.0" encoding="UTF-8"?>
<testsuite name="org.apache.commons.math3.util.FastMathTest" time="8.367" tests="48" errors="0" skipped="2" failures="0">
  <properties>
[...]
</properties>
  <testcase name="testLogSpecialCases" classname="org.apache.commons.math3.util.FastMathTest" time="0"/>
  <testcase name="testDoubleNextAfterSpecialCases" classname="org.apache.commons.math3.util.FastMathTest" time="0"/>
  <testcase name="testIndicatorDouble" classname="org.apache.commons.math3.util.FastMathTest" time="0"/>
  <testcase name="testAtan2SpecialCases" classname="org.apache.commons.math3.util.FastMathTest" time="0"/>
  <testcase name="testCbrtAccuracy" classname="org.apache.commons.math3.util.FastMathTest" time="0.162"/>
  <testcase name="testAtan2" classname="org.apache.commons.math3.util.FastMathTest" time="0"/>
  <testcase name="checkMissingFastMathClasses" classname="org.apache.commons.math3.util.FastMathTest" time="0">
    <skipped/>
  </testcase>
  <testcase name="testLogAccuracy" classname="org.apache.commons.math3.util.FastMathTest" time="0.113"/>
  <testcase name="testLog1pSpecialCases" classname="org.apache.commons.math3.util.FastMathTest" time="0"/>
  <testcase name="testAcosAccuracy" classname="org.apache.commons.math3.util.FastMathTest" time="1.276"/>
  <testcase name="testMinMaxDouble" classname="org.apache.commons.math3.util.FastMathTest" time="0"/>
  <testcase name="testAcosSpecialCases" classname="org.apache.commons.math3.util.FastMathTest" time="0"/>
  <testcase name="testPowSpecialCases" classname="org.apache.commons.math3.util.FastMathTest" time="0.001"/>
  <testcase name="testDoubleScalbSpecialCases" classname="org.apache.commons.math3.util.FastMathTest" time="0"/>
  <testcase name="testTanhAccuracy" classname="org.apache.commons.math3.util.FastMathTest" time="2.189"/>
  <testcase name="testMath905LargePositive" classname="org.apache.commons.math3.util.FastMathTest" time="0.001"/>
  <testcase name="testMath905LargeNegative" classname="org.apache.commons.math3.util.FastMathTest" time="0.002"/>
  <testcase name="testToRadians" classname="org.apache.commons.math3.util.FastMathTest" time="0.032"/>
  <testcase name="testLogWithBase" classname="org.apache.commons.math3.util.FastMathTest" time="0"/>
  <testcase name="testConstants" classname="org.apache.commons.math3.util.FastMathTest" time="0"/>
  <testcase name="testTanAccuracy" classname="org.apache.commons.math3.util.FastMathTest" time="0.093"/>
  <testcase name="testMath904" classname="org.apache.commons.math3.util.FastMathTest" time="0"/>
  <testcase name="testFloatScalbSpecialCases" classname="org.apache.commons.math3.util.FastMathTest" time="0"/>
  <testcase name="testToDegrees" classname="org.apache.commons.math3.util.FastMathTest" time="0.045"/>
  <testcase name="testSignumFloat" classname="org.apache.commons.math3.util.FastMathTest" time="0"/>
  <testcase name="testSinAccuracy" classname="org.apache.commons.math3.util.FastMathTest" time="0.06"/>
  <testcase name="testAtan2Accuracy" classname="org.apache.commons.math3.util.FastMathTest" time="0.1"/>
  <testcase name="testFloatNextAfterSpecialCases" classname="org.apache.commons.math3.util.FastMathTest" time="0"/>
  <testcase name="testExpm1Accuracy" classname="org.apache.commons.math3.util.FastMathTest" time="0.067"/>
  <testcase name="testSignumDouble" classname="org.apache.commons.math3.util.FastMathTest" time="0.001"/>
  <testcase name="testMinMaxFloat" classname="org.apache.commons.math3.util.FastMathTest" time="0"/>
  <testcase name="testHyperbolic" classname="org.apache.commons.math3.util.FastMathTest" time="0.045"/>
  <testcase name="testCoshAccuracy" classname="org.apache.commons.math3.util.FastMathTest" time="1.099"/>
  <testcase name="testIntPow" classname="org.apache.commons.math3.util.FastMathTest" time="0.018"/>
  <testcase name="testIndicatorFloat" classname="org.apache.commons.math3.util.FastMathTest" time="0"/>
  <testcase name="testPowAccuracy" classname="org.apache.commons.math3.util.FastMathTest" time="0.19"/>
  <testcase name="testExpSpecialCases" classname="org.apache.commons.math3.util.FastMathTest" time="0"/>
  <testcase name="testLog10Accuracy" classname="org.apache.commons.math3.util.FastMathTest" time="0.171"/>
  <testcase name="testAtanAccuracy" classname="org.apache.commons.math3.util.FastMathTest" time="0.097"/>
  <testcase name="testNextAfter" classname="org.apache.commons.math3.util.FastMathTest" time="0"/>
  <testcase name="testLog1pAccuracy" classname="org.apache.commons.math3.util.FastMathTest" time="0.075"/>
  <testcase name="testHyperbolicInverses" classname="org.apache.commons.math3.util.FastMathTest" time="0.023"/>
  <testcase name="checkExtraFastMathClasses" classname="org.apache.commons.math3.util.FastMathTest" time="0">
    <skipped/>
  </testcase>
  <testcase name="testAsinSpecialCases" classname="org.apache.commons.math3.util.FastMathTest" time="0"/>
  <testcase name="testAsinAccuracy" classname="org.apache.commons.math3.util.FastMathTest" time="1.196"/>
  <testcase name="testCosAccuracy" classname="org.apache.commons.math3.util.FastMathTest" time="0.059"/>
  <testcase name="testExpAccuracy" classname="org.apache.commons.math3.util.FastMathTest" time="0.134"/>
  <testcase name="testSinhAccuracy" classname="org.apache.commons.math3.util.FastMathTest" time="1.118"/>
</testsuite>