<?xml version="1.0" encoding="UTF-8"?>
<testsuite name="org.apache.commons.math3.linear.BlockRealMatrixTest" time="0.165" tests="48" errors="0" skipped="0" failures="0">
  <properties>
[...]
</properties>
  <testcase name="testOperatePremultiplyLarge" classname="org.apache.commons.math3.linear.BlockRealMatrixTest" time="0"/>
  <testcase name="testGetSetRowMatrixLarge" classname="org.apache.commons.math3.linear.BlockRealMatrixTest" time="0"/>
  <testcase name="testFrobeniusNorm" classname="org.apache.commons.math3.linear.BlockRealMatrixTest" time="0"/>
  <testcase name="testOperate" classname="org.apache.commons.math3.linear.BlockRealMatrixTest" time="0"/>
  <testcase name="testExamples" classname="org.apache.commons.math3.linear.BlockRealMatrixTest" time="0"/>
  <testcase name="testGetEntry" classname="org.apache.commons.math3.linear.BlockRealMatrixTest" time="0"/>
  <testcase name="testAddFail" classname="org.apache.commons.math3.linear.BlockRealMatrixTest" time="0"/>
  <testcase name="testGetSetColumnLarge" classname="org.apache.commons.math3.linear.BlockRealMatrixTest" time="0"/>
  <testcase name="testAdd" classname="org.apache.commons.math3.linear.BlockRealMatrixTest" time="0"/>
  <testcase name="testScalarAdd" classname="org.apache.commons.math3.linear.BlockRealMatrixTest" time="0"/>
  <testcase name="testTrace" classname="org.apache.commons.math3.linear.BlockRealMatrixTest" time="0"/>
  <testcase name="testNorm" classname="org.apache.commons.math3.linear.BlockRealMatrixTest" time="0"/>
  <testcase name="testWalk" classname="org.apache.commons.math3.linear.BlockRealMatrixTest" time="0.029"/>
  <testcase name="testToString" classname="org.apache.commons.math3.linear.BlockRealMatrixTest" time="0.001"/>
  <testcase name="testGetSetMatrixLarge" classname="org.apache.commons.math3.linear.BlockRealMatrixTest" time="0.009"/>
  <testcase name="testGetSetRowVectorLarge" classname="org.apache.commons.math3.linear.BlockRealMatrixTest" time="0.004"/>
  <testcase name="testSetRowMatrix" classname="org.apache.commons.math3.linear.BlockRealMatrixTest" time="0"/>
  <testcase name="testSeveralBlocks" classname="org.apache.commons.math3.linear.BlockRealMatrixTest" time="0.031"/>
  <testcase name="testPlusMinus" classname="org.apache.commons.math3.linear.BlockRealMatrixTest" time="0"/>
  <testcase name="testSetRowVector" classname="org.apache.commons.math3.linear.BlockRealMatrixTest" time="0.001"/>
  <testcase name="testMultiply2" classname="org.apache.commons.math3.linear.BlockRealMatrixTest" time="0"/>
  <testcase name="testDimensions" classname="org.apache.commons.math3.linear.BlockRealMatrixTest" time="0"/>
  <testcase name="testCopySubMatrix" classname="org.apache.commons.math3.linear.BlockRealMatrixTest" time="0.001"/>
  <testcase name="testGetSetRowLarge" classname="org.apache.commons.math3.linear.BlockRealMatrixTest" time="0.003"/>
  <testcase name="testPremultiplyVector" classname="org.apache.commons.math3.linear.BlockRealMatrixTest" time="0"/>
  <testcase name="testCopyFunctions" classname="org.apache.commons.math3.linear.BlockRealMatrixTest" time="0.001"/>
  <testcase name="testGetSubMatrix" classname="org.apache.commons.math3.linear.BlockRealMatrixTest" time="0"/>
  <testcase name="testMath209" classname="org.apache.commons.math3.linear.BlockRealMatrixTest" time="0.001"/>
  <testcase name="testOperateLarge" classname="org.apache.commons.math3.linear.BlockRealMatrixTest" time="0.073"/>
  <testcase name="testGetVectors" classname="org.apache.commons.math3.linear.BlockRealMatrixTest" time="0"/>
  <testcase name="testGetSetColumnMatrixLarge" classname="org.apache.commons.math3.linear.BlockRealMatrixTest" time="0.003"/>
  <testcase name="testSetColumn" classname="org.apache.commons.math3.linear.BlockRealMatrixTest" time="0"/>
  <testcase name="testGetColumnMatrix" classname="org.apache.commons.math3.linear.BlockRealMatrixTest" time="0"/>
  <testcase name="testGetColumn" classname="org.apache.commons.math3.linear.BlockRealMatrixTest" time="0"/>
  <testcase name="testGetColumnVector" classname="org.apache.commons.math3.linear.BlockRealMatrixTest" time="0"/>
  <testcase name="testMultiply" classname="org.apache.commons.math3.linear.BlockRealMatrixTest" time="0"/>
  <testcase name="testGetRow" classname="org.apache.commons.math3.linear.BlockRealMatrixTest" time="0"/>
  <testcase name="testEqualsAndHashCode" classname="org.apache.commons.math3.linear.BlockRealMatrixTest" time="0"/>
  <testcase name="testGetSetColumnVectorLarge" classname="org.apache.commons.math3.linear.BlockRealMatrixTest" time="0.006"/>
  <testcase name="testSerial" classname="org.apache.commons.math3.linear.BlockRealMatrixTest" time="0.001"/>
  <testcase name="testSetRow" classname="org.apache.commons.math3.linear.BlockRealMatrixTest" time="0.001"/>
  <testcase name="testTranspose" classname="org.apache.commons.math3.linear.BlockRealMatrixTest" time="0"/>
  <testcase name="testSetColumnMatrix" classname="org.apache.commons.math3.linear.BlockRealMatrixTest" time="0"/>
  <testcase name="testPremultiply" classname="org.apache.commons.math3.linear.BlockRealMatrixTest" time="0"/>
  <testcase name="testGetRowMatrix" classname="org.apache.commons.math3.linear.BlockRealMatrixTest" time="0"/>
  <testcase name="testSetColumnVector" classname="org.apache.commons.math3.linear.BlockRealMatrixTest" time="0"/>
  <testcase name="testSetSubMatrix" classname="org.apache.commons.math3.linear.BlockRealMatrixTest" time="0"/>
  <testcase name="testGetRowVector" classname="org.apache.commons.math3.linear.BlockRealMatrixTest" time="0"/>
</testsuite>